<?xml version="1.0" encoding="UTF-8"?>
<!-- Generated by org.testng.reporters.JUnitReportReporter -->
<testsuite hostname="nick-Komputer" name="FirstTest" tests="1" failures="0" timestamp="27 Aug 2018 20:49:35 GMT" time="17.644" errors="0">
  <testcase name="firstTest" time="17.644" classname="FirstTest"/>
</testsuite> <!-- FirstTest -->
